<?xml version="1.0" encoding="UTF-8"?>
<!-- Generated by org.testng.reporters.JUnitReportReporter -->
<testsuite hostname="Bharath" failures="0" tests="9" name="framework.concepts.TestNGTestMethods" time="0.023" errors="0" timestamp="2024-11-22T21:39:28 IST" skipped="3">
  <testcase classname="framework.concepts.TestNGTestMethods" name="verifyLogoAndCaption" time="0.005"/>
  <system-out/>
  <testcase classname="framework.concepts.TestNGTestMethods" name="verifyLogoAndCaption" time="0.002"/>
  <system-out/>
  <testcase classname="framework.concepts.TestNGTestMethods" name="verifyLogoAndCaption" time="0.002"/>
  <system-out/>
  <testcase classname="framework.concepts.TestNGTestMethods" name="verifyContactInformation" time="0.003"/>
  <system-out/>
  <testcase classname="framework.concepts.TestNGTestMethods" name="verifyContactInformation" time="0.002"/>
  <system-out/>
  <testcase classname="framework.concepts.TestNGTestMethods" name="verifyContactInformation" time="0.009"/>
  <system-out/>
  <testcase classname="framework.concepts.TestNGTestMethods" name="verifyLogin">
    <skipped/>
  </testcase> <!-- verifyLogin -->
  <system-out/>
  <testcase classname="framework.concepts.TestNGTestMethods" name="verifyLogin">
    <skipped/>
  </testcase> <!-- verifyLogin -->
  <system-out/>
  <testcase classname="framework.concepts.TestNGTestMethods" name="verifyLogin">
    <skipped/>
  </testcase> <!-- verifyLogin -->
  <system-out/>
</testsuite> <!-- framework.concepts.TestNGTestMethods -->
