<?xml version="1.0" encoding="UTF-8"?>
<!-- Generated by org.testng.reporters.JUnitReportReporter -->
<testsuite hostname="Bharath" failures="0" tests="3" name="framework.concepts.TestNGTestMethods" time="0.014" errors="0" timestamp="2024-11-22T21:25:10 IST" skipped="1">
  <testcase classname="framework.concepts.TestNGTestMethods" name="verifyLogoAndCaption" time="0.004"/>
  <system-out/>
  <testcase classname="framework.concepts.TestNGTestMethods" name="verifyContactInformation" time="0.010"/>
  <system-out/>
  <testcase classname="framework.concepts.TestNGTestMethods" name="verifyLogin">
    <skipped/>
  </testcase> <!-- verifyLogin -->
  <system-out/>
</testsuite> <!-- framework.concepts.TestNGTestMethods -->
